<?xml version="1.0" encoding="UTF-8"?>
<!-- Generated by org.testng.reporters.JUnitXMLReporter -->
<testsuite ignored="2" hostname="testqw" failures="0" tests="3" name="Test" time="4.898" errors="0" timestamp="2026-04-12T08:32:07 IST">
  <testcase classname="api.testCases.MerchantValidation" name="testGetMerchantDetail" time="2.114"/>
  <testcase classname="api.testCases.MerchantValidation" name="testDeleteMerchant" time="1.216"/>
  <testcase classname="api.testCases.AcquirerValidation" name="testDeleteMerchant" time="1.162"/>
  <testcase classname="base.Base" name="@BeforeSuite setupReport" time="0.0">
    <ignored/>
  </testcase> <!-- @BeforeSuite setupReport -->
  <testcase classname="base.Base" name="@AfterSuite tearDownReport" time="0.0">
    <ignored/>
  </testcase> <!-- @AfterSuite tearDownReport -->
</testsuite> <!-- Test -->
