<?xml version="1.0" encoding="UTF-8"?>
<testng-results ignored="0" total="2" passed="2" failed="0" skipped="0">
  <reporter-output>
  </reporter-output>
  <suite started-at="2026-04-09T01:02:58 IST" name="Suite" finished-at="2026-04-09T01:03:00 IST" duration-ms="2566">
    <groups>
    </groups>
    <test started-at="2026-04-09T01:02:58 IST" name="Test" finished-at="2026-04-09T01:03:00 IST" duration-ms="2566">
      <class name="api.testCases.MerchantValidation">
        <test-method is-config="true" signature="setupReport()[pri:0, instance:api.testCases.MerchantValidation@6356695f]" started-at="2026-04-09T01:02:58 IST" name="setupReport" finished-at="2026-04-09T01:02:58 IST" duration-ms="152" status="PASS">
          <reporter-output>
          </reporter-output>
        </test-method> <!-- setupReport -->
        <test-method is-config="true" signature="generateTestData()[pri:0, instance:api.testCases.MerchantValidation@6356695f]" started-at="2026-04-09T01:02:58 IST" name="generateTestData" finished-at="2026-04-09T01:02:58 IST" duration-ms="149" status="PASS">
          <reporter-output>
          </reporter-output>
        </test-method> <!-- generateTestData -->
        <test-method signature="testGetMerchantDetail()[pri:2, instance:api.testCases.MerchantValidation@6356695f]" started-at="2026-04-09T01:02:58 IST" name="testGetMerchantDetail" finished-at="2026-04-09T01:03:00 IST" duration-ms="2384" status="PASS">
          <reporter-output>
          </reporter-output>
        </test-method> <!-- testGetMerchantDetail -->
        <test-method signature="testDeleteMerchant()[pri:4, instance:api.testCases.MerchantValidation@6356695f]" started-at="2026-04-09T01:02:58 IST" name="testDeleteMerchant" finished-at="2026-04-09T01:03:00 IST" duration-ms="2384" status="PASS">
          <reporter-output>
          </reporter-output>
        </test-method> <!-- testDeleteMerchant -->
        <test-method is-config="true" signature="tearDownReport()[pri:0, instance:api.testCases.MerchantValidation@6356695f]" started-at="2026-04-09T01:03:00 IST" name="tearDownReport" finished-at="2026-04-09T01:03:01 IST" duration-ms="203" status="PASS">
          <reporter-output>
          </reporter-output>
        </test-method> <!-- tearDownReport -->
      </class> <!-- api.testCases.MerchantValidation -->
    </test> <!-- Test -->
  </suite> <!-- Suite -->
</testng-results>
