<?xml version="1.0" encoding="UTF-8"?>
<testng-results ignored="0" total="2" passed="2" failed="0" skipped="0">
  <reporter-output>
  </reporter-output>
  <suite started-at="2026-04-08T13:16:36 IST" name="Suite" finished-at="2026-04-08T13:16:43 IST" duration-ms="7536">
    <groups>
    </groups>
    <test started-at="2026-04-08T13:16:36 IST" name="Test" finished-at="2026-04-08T13:16:43 IST" duration-ms="7536">
      <class name="api.testCases.MerchantValidation">
        <test-method is-config="true" signature="setupReport()[pri:0, instance:api.testCases.MerchantValidation@1fa121e2]" started-at="2026-04-08T13:16:35 IST" name="setupReport" finished-at="2026-04-08T13:16:36 IST" duration-ms="937" status="PASS">
          <reporter-output>
          </reporter-output>
        </test-method> <!-- setupReport -->
        <test-method is-config="true" signature="generateTestData()[pri:0, instance:api.testCases.MerchantValidation@1fa121e2]" started-at="2026-04-08T13:16:36 IST" name="generateTestData" finished-at="2026-04-08T13:16:37 IST" duration-ms="912" status="PASS">
          <reporter-output>
          </reporter-output>
        </test-method> <!-- generateTestData -->
        <test-method signature="testGetMerchantDetail()[pri:2, instance:api.testCases.MerchantValidation@1fa121e2]" started-at="2026-04-08T13:16:37 IST" name="testGetMerchantDetail" finished-at="2026-04-08T13:16:42 IST" duration-ms="5043" status="PASS">
          <reporter-output>
          </reporter-output>
        </test-method> <!-- testGetMerchantDetail -->
        <test-method signature="testDeleteMerchant()[pri:4, instance:api.testCases.MerchantValidation@1fa121e2]" started-at="2026-04-08T13:16:42 IST" name="testDeleteMerchant" finished-at="2026-04-08T13:16:43 IST" duration-ms="1507" status="PASS">
          <reporter-output>
          </reporter-output>
        </test-method> <!-- testDeleteMerchant -->
        <test-method is-config="true" signature="tearDownReport()[pri:0, instance:api.testCases.MerchantValidation@1fa121e2]" started-at="2026-04-08T13:16:43 IST" name="tearDownReport" finished-at="2026-04-08T13:16:44 IST" duration-ms="485" status="PASS">
          <reporter-output>
          </reporter-output>
        </test-method> <!-- tearDownReport -->
      </class> <!-- api.testCases.MerchantValidation -->
    </test> <!-- Test -->
  </suite> <!-- Suite -->
</testng-results>
