<?xml version="1.0" encoding="UTF-8"?>
<!-- Generated by org.testng.reporters.JUnitReportReporter -->
<testsuite hostname="testqw" failures="0" tests="2" name="api.testCases.MerchantValidation" time="3.478" errors="0" timestamp="2026-04-17T13:25:29 IST" skipped="0">
  <testcase classname="api.testCases.MerchantValidation" name="testGetMerchantDetail" time="2.278"/>
  <testcase classname="api.testCases.MerchantValidation" name="testDeleteMerchant" time="1.200"/>
</testsuite> <!-- api.testCases.MerchantValidation -->
