<?xml version="1.0" encoding="UTF-8"?>
<!-- Generated by org.testng.reporters.JUnitReportReporter -->
<testsuite hostname="testqw" failures="0" tests="2" name="api.testCases.MerchantValidation" time="5.054" errors="0" timestamp="2026-04-09T19:53:01 IST" skipped="0">
  <testcase classname="api.testCases.MerchantValidation" name="testGetMerchantDetail" time="2.527"/>
  <testcase classname="api.testCases.MerchantValidation" name="testDeleteMerchant" time="2.527"/>
</testsuite> <!-- api.testCases.MerchantValidation -->
